Added Component: Designator=C17(0402)
Add component. Clean all parameters for all variants
Added Component: Designator=C18(0402)
Add component. Clean all parameters for all variants
Added Component: Designator=C19(0402)
Add component. Clean all parameters for all variants
Added Component: Designator=C20(0402)
Add component. Clean all parameters for all variants
Added Pin To Net: NetName=PGND Pin=C17-1
Added Pin To Net: NetName=Vcc Pin=C17-2
Added Pin To Net: NetName=PGND Pin=C18-1
Added Pin To Net: NetName=Vcc Pin=C18-2
Added Pin To Net: NetName=PGND Pin=C19-1
Added Pin To Net: NetName=Vcc Pin=C19-2
Added Pin To Net: NetName=PGND Pin=C20-1
Added Pin To Net: NetName=Vcc Pin=C20-2
Added Member To Class: ClassName=Sheet1 Member=Component C1 0.1
Added Member To Class: ClassName=Sheet1 Member=Component C2 0.1
Added Member To Class: ClassName=Sheet1 Member=Component C3 0.1
Added Member To Class: ClassName=Sheet1 Member=Component C4 0.1
Added Member To Class: ClassName=Sheet1 Member=Component C5 0.1
Added Member To Class: ClassName=Sheet1 Member=Component C6 0.1
Added Member To Class: ClassName=Sheet1 Member=Component C7 0.1
Added Member To Class: ClassName=Sheet1 Member=Component C8 0.1
Added Member To Class: ClassName=Sheet1 Member=Component C9 0.1
Added Member To Class: ClassName=Sheet1 Member=Component C10 25v 4700µ
Added Member To Class: ClassName=Sheet1 Member=Component C11 10v 1000µ
Added Member To Class: ClassName=Sheet1 Member=Component C12 0.1
Added Member To Class: ClassName=Sheet1 Member=Component C13 22p
Added Member To Class: ClassName=Sheet1 Member=Component C14 22p
Added Member To Class: ClassName=Sheet1 Member=Component C15 0.1
Added Member To Class: ClassName=Sheet1 Member=Component C16 0.1
Added Member To Class: ClassName=Sheet1 Member=Component C17 0.1
Added Member To Class: ClassName=Sheet1 Member=Component C18 0.1
Added Member To Class: ClassName=Sheet1 Member=Component C19 0.1
Added Member To Class: ClassName=Sheet1 Member=Component C20 0.1
Added Member To Class: ClassName=Sheet1 Member=Component D1 10A10
Added Member To Class: ClassName=Sheet1 Member=Component D2 FR307
Added Member To Class: ClassName=Sheet1 Member=Component D3 FR307
Added Member To Class: ClassName=Sheet1 Member=Component D4 FR307
Added Member To Class: ClassName=Sheet1 Member=Component D5 FR307
Added Member To Class: ClassName=Sheet1 Member=Component D6 Device
Added Member To Class: ClassName=Sheet1 Member=Component D7 Device
Added Member To Class: ClassName=Sheet1 Member=Component IC1 Device
Added Member To Class: ClassName=Sheet1 Member=Component IC2 FL817
Added Member To Class: ClassName=Sheet1 Member=Component IC3 FL817
Added Member To Class: ClassName=Sheet1 Member=Component IC4 FL817
Added Member To Class: ClassName=Sheet1 Member=Component IC5 FL817
Added Member To Class: ClassName=Sheet1 Member=Component IC6 FL817
Added Member To Class: ClassName=Sheet1 Member=Component J1 Main Power
Added Member To Class: ClassName=Sheet1 Member=Component J2 Motor
Added Member To Class: ClassName=Sheet1 Member=Component J3 ISP Prog
Added Member To Class: ClassName=Sheet1 Member=Component J4 Angle Sensor
Added Member To Class: ClassName=Sheet1 Member=Component J5 Input Signal
Added Member To Class: ClassName=Sheet1 Member=Component LD1 Color
Added Member To Class: ClassName=Sheet1 Member=Component LD2 Color
Added Member To Class: ClassName=Sheet1 Member=Component LD3 Color
Added Member To Class: ClassName=Sheet1 Member=Component Q1 8Mhz
Added Member To Class: ClassName=Sheet1 Member=Component R1 1k
Added Member To Class: ClassName=Sheet1 Member=Component R2 1k
Added Member To Class: ClassName=Sheet1 Member=Component R3 510om
Added Member To Class: ClassName=Sheet1 Member=Component R4 1k
Added Member To Class: ClassName=Sheet1 Member=Component R5 1k
Added Member To Class: ClassName=Sheet1 Member=Component R6 1k
Added Member To Class: ClassName=Sheet1 Member=Component R7 1k
Added Member To Class: ClassName=Sheet1 Member=Component R8 1k
Added Member To Class: ClassName=Sheet1 Member=Component R9 510om
Added Member To Class: ClassName=Sheet1 Member=Component R10 10k
Added Member To Class: ClassName=Sheet1 Member=Component R11 1k
Added Member To Class: ClassName=Sheet1 Member=Component R12 1k
Added Member To Class: ClassName=Sheet1 Member=Component R13 1k
Added Member To Class: ClassName=Sheet1 Member=Component R14 1k
Added Member To Class: ClassName=Sheet1 Member=Component R15 1k
Added Member To Class: ClassName=Sheet1 Member=Component R16 1k
Added Member To Class: ClassName=Sheet1 Member=Component R17 10k
Added Member To Class: ClassName=Sheet1 Member=Component R18 1k
Added Member To Class: ClassName=Sheet1 Member=Component R19 1k
Added Member To Class: ClassName=Sheet1 Member=Component R20 1k
Added Member To Class: ClassName=Sheet1 Member=Component T1 IRFR5305
Added Member To Class: ClassName=Sheet1 Member=Component T2 IRLR2905
Added Member To Class: ClassName=Sheet1 Member=Component T3 IRFR5305
Added Member To Class: ClassName=Sheet1 Member=Component T4 IRLR2905
Added Member To Class: ClassName=Sheet1 Member=Component U1 ATmega168PA-AU
Added Room: Name=Sheet1
