Change Physical Footprint: Designator=C1 Old Footprint=0402 New Footprint=0402
Change Physical Footprint: Designator=C2 Old Footprint=0402 New Footprint=0402
Change Physical Footprint: Designator=C3 Old Footprint=0402 New Footprint=0402
Change Physical Footprint: Designator=C4 Old Footprint=0402 New Footprint=0402
Change Physical Footprint: Designator=C5 Old Footprint=0402 New Footprint=0402
Change Physical Footprint: Designator=C6 Old Footprint=0402 New Footprint=0402
Change Physical Footprint: Designator=C7 Old Footprint=0402 New Footprint=0402
Change Physical Footprint: Designator=C8 Old Footprint=0402 New Footprint=0402
Change Physical Footprint: Designator=C9 Old Footprint=0402 New Footprint=0402
Change Physical Footprint: Designator=C10 Old Footprint=Cap25v4700mkf New Footprint=Cap25v4700mkf
Change Physical Footprint: Designator=C11 Old Footprint=CAPPR350W80D850H1300 New Footprint=CAPPR350W80D850H1300
Change Physical Footprint: Designator=C12 Old Footprint=0402 New Footprint=0402
Change Physical Footprint: Designator=C13 Old Footprint=0402 New Footprint=0402
Change Physical Footprint: Designator=C14 Old Footprint=0402 New Footprint=0402
Change Physical Footprint: Designator=C15 Old Footprint=0402 New Footprint=0402
Change Physical Footprint: Designator=C16 Old Footprint=0402 New Footprint=0402
Change Physical Footprint: Designator=D1 Old Footprint=10A10 New Footprint=10A10
Change Physical Footprint: Designator=D2 Old Footprint=DO-27 New Footprint=DO-27
Change Physical Footprint: Designator=D3 Old Footprint=DO-27 New Footprint=DO-27
Change Physical Footprint: Designator=D4 Old Footprint=DO-27 New Footprint=DO-27
Change Physical Footprint: Designator=D5 Old Footprint=DO-27 New Footprint=DO-27
Change Physical Footprint: Designator=D6 Old Footprint=DIOMELF3515N New Footprint=DIOMELF3515N
Change Physical Footprint: Designator=D7 Old Footprint=DIOMELF3515N New Footprint=DIOMELF3515N
Change Physical Footprint: Designator=IC1 Old Footprint=DCDC_TRACO_TME24 New Footprint=DCDC_TRACO_TME24
Change Physical Footprint: Designator=IC2 Old Footprint=DIP-4 New Footprint=DIP-4
Change Physical Footprint: Designator=IC3 Old Footprint=DIP-4 New Footprint=DIP-4
Change Physical Footprint: Designator=IC4 Old Footprint=DIP-4 New Footprint=DIP-4
Change Physical Footprint: Designator=IC5 Old Footprint=DIP-4 New Footprint=DIP-4
Change Physical Footprint: Designator=IC6 Old Footprint=DIP-4 New Footprint=DIP-4
Change Physical Footprint: Designator=J1 Old Footprint=PwrCon New Footprint=PwrCon
Change Physical Footprint: Designator=J2 Old Footprint=PwrCon New Footprint=PwrCon
Change Physical Footprint: Designator=J3 Old Footprint=COMATEL_389.0358.1.06.400 New Footprint=COMATEL_389.0358.1.06.400
Change Physical Footprint: Designator=J4 Old Footprint=MOLEX_22-05-7038 New Footprint=MOLEX_22-05-7038
Change Physical Footprint: Designator=J5 Old Footprint=MOLEX_22-05-7028 New Footprint=MOLEX_22-05-7028
Change Physical Footprint: Designator=LD1 Old Footprint=LED_5MM_GREEN_1C-2A New Footprint=LED_5MM_GREEN_1C-2A
Change Physical Footprint: Designator=LD2 Old Footprint=LED_VISHAY_TSAL6200 New Footprint=LED_VISHAY_TSAL6200
Change Physical Footprint: Designator=LD3 Old Footprint=LED_5MM_RED_1C-2A New Footprint=LED_5MM_RED_1C-2A
Change Physical Footprint: Designator=Q1 Old Footprint=XTAL1160X490X430 New Footprint=XTAL1160X490X430
Change Physical Footprint: Designator=R1 Old Footprint=RES1016-650X250 New Footprint=RES1016-650X250
Change Physical Footprint: Designator=R2 Old Footprint=RESC3116X65N New Footprint=RESC3116X65N
Change Physical Footprint: Designator=R3 Old Footprint=RES1016-650X250 New Footprint=RES1016-650X250
Change Physical Footprint: Designator=R4 Old Footprint=RESC3116X65N New Footprint=RESC3116X65N
Change Physical Footprint: Designator=R5 Old Footprint=RES1016-650X250 New Footprint=RES1016-650X250
Change Physical Footprint: Designator=R6 Old Footprint=RES1016-650X250 New Footprint=RES1016-650X250
Change Physical Footprint: Designator=R7 Old Footprint=RES1016-650X250 New Footprint=RES1016-650X250
Change Physical Footprint: Designator=R8 Old Footprint=RESC3116X65N New Footprint=RESC3116X65N
Change Physical Footprint: Designator=R9 Old Footprint=RES1016-650X250 New Footprint=RES1016-650X250
Change Physical Footprint: Designator=R10 Old Footprint=RESC3116X65N New Footprint=RESC3116X65N
Change Physical Footprint: Designator=R11 Old Footprint=RESC3116X65N New Footprint=RESC3116X65N
Change Physical Footprint: Designator=R12 Old Footprint=RES1016-650X250 New Footprint=RES1016-650X250
Change Physical Footprint: Designator=R13 Old Footprint=RES1016-650X250 New Footprint=RES1016-650X250
Change Physical Footprint: Designator=R14 Old Footprint=RESC3116X65N New Footprint=RESC3116X65N
Change Physical Footprint: Designator=R15 Old Footprint=RESC3116X65N New Footprint=RESC3116X65N
Change Physical Footprint: Designator=R16 Old Footprint=RESC3116X65N New Footprint=RESC3116X65N
Change Physical Footprint: Designator=R17 Old Footprint=RESC3116X65N New Footprint=RESC3116X65N
Change Physical Footprint: Designator=R18 Old Footprint=RESC3116X65N New Footprint=RESC3116X65N
Change Physical Footprint: Designator=R19 Old Footprint=RESC3116X65N New Footprint=RESC3116X65N
Change Physical Footprint: Designator=R20 Old Footprint=RESC3116X65N New Footprint=RESC3116X65N
Change Physical Footprint: Designator=T1 Old Footprint=TO228P991X239-3N-R546X521 New Footprint=TO228P991X239-3N-R546X521
Change Physical Footprint: Designator=T2 Old Footprint=TO228P991X239-3N-R546X521 New Footprint=TO228P991X239-3N-R546X521
Change Physical Footprint: Designator=T3 Old Footprint=TO228P991X239-3N-R546X521 New Footprint=TO228P991X239-3N-R546X521
Change Physical Footprint: Designator=T4 Old Footprint=TO228P991X239-3N-R546X521 New Footprint=TO228P991X239-3N-R546X521
Change Physical Footprint: Designator=U1 Old Footprint=32A_M New Footprint=32A_M
